<?xml version="1.0" encoding="UTF-8"?>
<!-- Generated by org.testng.reporters.JUnitReportReporter -->
<testsuite hostname="LAPTOP-ISJLQKD3" failures="0" tests="9" name="qa.gunnerroofing.com.qa.gunnerroofing.com.Header" time="24.886" errors="0" timestamp="2024-11-12T11:45:14 IST" skipped="0">
  <testcase classname="qa.gunnerroofing.com.qa.gunnerroofing.com.Header" name="siteImage" time="1.419"/>
  <system-out/>
  <testcase classname="qa.gunnerroofing.com.qa.gunnerroofing.com.Header" name="services" time="6.371"/>
  <system-out/>
  <testcase classname="qa.gunnerroofing.com.qa.gunnerroofing.com.Header" name="Resources" time="4.694"/>
  <system-out/>
  <testcase classname="qa.gunnerroofing.com.qa.gunnerroofing.com.Header" name="ourWork" time="2.091"/>
  <system-out/>
  <testcase classname="qa.gunnerroofing.com.qa.gunnerroofing.com.Header" name="ContactUs" time="1.055"/>
  <system-out/>
  <testcase classname="qa.gunnerroofing.com.qa.gunnerroofing.com.Header" name="Financing" time="1.713"/>
  <system-out/>
  <testcase classname="qa.gunnerroofing.com.qa.gunnerroofing.com.Header" name="AboutUs" time="1.702"/>
  <system-out/>
  <testcase classname="qa.gunnerroofing.com.qa.gunnerroofing.com.Header" name="MyAccount" time="3.204"/>
  <system-out/>
  <testcase classname="qa.gunnerroofing.com.qa.gunnerroofing.com.Header" name="getQuoteinHeader" time="2.637"/>
  <system-out/>
</testsuite> <!-- qa.gunnerroofing.com.qa.gunnerroofing.com.Header -->
