<?xml version="1.0" encoding="UTF-8"?>
<!-- Generated by org.testng.reporters.JUnitReportReporter -->
<testsuite hostname="LAPTOP-ISJLQKD3" failures="0" tests="3" name="qa.gunnerroofing.com.qa.gunnerroofing.com.container1" time="3.306" errors="0" timestamp="2024-11-12T11:45:14 IST" skipped="0">
  <testcase classname="qa.gunnerroofing.com.qa.gunnerroofing.com.container1" name="slides" time="1.277"/>
  <system-out/>
  <testcase classname="qa.gunnerroofing.com.qa.gunnerroofing.com.container1" name="video" time="0.222"/>
  <system-out/>
  <testcase classname="qa.gunnerroofing.com.qa.gunnerroofing.com.container1" name="getYourQuote_InContainer1" time="1.807"/>
  <system-out/>
</testsuite> <!-- qa.gunnerroofing.com.qa.gunnerroofing.com.container1 -->
