<?xml version="1.0" encoding="UTF-8"?>
<!-- Generated by org.testng.reporters.JUnitReportReporter -->
<testsuite hostname="LAPTOP-ISJLQKD3" failures="0" tests="9" name="qa.gunnerroofing.com.qa.gunnerroofing.com.gunnerrooginf" time="39.910" errors="0" timestamp="2024-11-11T12:47:17 IST" skipped="0">
  <testcase classname="qa.gunnerroofing.com.qa.gunnerroofing.com.gunnerrooginf" name="siteImage" time="1.994"/>
  <system-out/>
  <testcase classname="qa.gunnerroofing.com.qa.gunnerroofing.com.gunnerrooginf" name="services" time="8.110"/>
  <system-out/>
  <testcase classname="qa.gunnerroofing.com.qa.gunnerroofing.com.gunnerrooginf" name="Resources" time="5.474"/>
  <system-out/>
  <testcase classname="qa.gunnerroofing.com.qa.gunnerroofing.com.gunnerrooginf" name="ourWork" time="4.155"/>
  <system-out/>
  <testcase classname="qa.gunnerroofing.com.qa.gunnerroofing.com.gunnerrooginf" name="ContactUs" time="2.113"/>
  <system-out/>
  <testcase classname="qa.gunnerroofing.com.qa.gunnerroofing.com.gunnerrooginf" name="Financing" time="2.665"/>
  <system-out/>
  <testcase classname="qa.gunnerroofing.com.qa.gunnerroofing.com.gunnerrooginf" name="AboutUs" time="2.644"/>
  <system-out/>
  <testcase classname="qa.gunnerroofing.com.qa.gunnerroofing.com.gunnerrooginf" name="MyAccount" time="7.868"/>
  <system-out/>
  <testcase classname="qa.gunnerroofing.com.qa.gunnerroofing.com.gunnerrooginf" name="getQuote" time="4.887"/>
  <system-out/>
</testsuite> <!-- qa.gunnerroofing.com.qa.gunnerroofing.com.gunnerrooginf -->
